[10-Jun-2025 10:40:24 UTC] PHP Warning:  Undefined variable $requisitioned in C:\laragon\www\QA-LAB-APP\pages\generar_reporte_pdf.php on line 176
[10-Jun-2025 10:40:24 UTC] PHP Fatal error:  Uncaught Exception: FPDF error: Some data has already been output, can't send PDF file in C:\laragon\www\QA-LAB-APP\libs\fpdf\fpdf.php:267
Stack trace:
#0 C:\laragon\www\QA-LAB-APP\libs\fpdf\fpdf.php(1058): FPDF->Error('Some data has a...')
#1 C:\laragon\www\QA-LAB-APP\libs\fpdf\fpdf.php(1004): FPDF->_checkoutput()
#2 C:\laragon\www\QA-LAB-APP\pages\generar_reporte_pdf.php(217): FPDF->Output('I', 'Daily_Laborator...')
#3 {main}
  thrown in C:\laragon\www\QA-LAB-APP\libs\fpdf\fpdf.php on line 267
[10-Jun-2025 11:15:23 UTC] PHP Warning:  Undefined variable $requisitioned in C:\laragon\www\QA-LAB-APP\pages\generar_reporte_pdf.php on line 176
[10-Jun-2025 11:15:23 UTC] PHP Fatal error:  Uncaught Exception: FPDF error: Some data has already been output, can't send PDF file in C:\laragon\www\QA-LAB-APP\libs\fpdf\fpdf.php:267
Stack trace:
#0 C:\laragon\www\QA-LAB-APP\libs\fpdf\fpdf.php(1058): FPDF->Error('Some data has a...')
#1 C:\laragon\www\QA-LAB-APP\libs\fpdf\fpdf.php(1004): FPDF->_checkoutput()
#2 C:\laragon\www\QA-LAB-APP\pages\generar_reporte_pdf.php(217): FPDF->Output('I', 'Daily_Laborator...')
#3 {main}
  thrown in C:\laragon\www\QA-LAB-APP\libs\fpdf\fpdf.php on line 267
[10-Jun-2025 15:31:31 UTC] PHP Warning:  Undefined array key "Sample_Name" in C:\laragon\www\QA-LAB-APP\pages\generar_reporte_pdf.php on line 83
[10-Jun-2025 15:31:31 UTC] PHP Deprecated:  trim(): Passing null to parameter #1 ($string) of type string is deprecated in C:\laragon\www\QA-LAB-APP\pages\generar_reporte_pdf.php on line 53
[10-Jun-2025 15:31:31 UTC] PHP Warning:  Undefined array key "Sample_Name" in C:\laragon\www\QA-LAB-APP\pages\generar_reporte_pdf.php on line 92
[10-Jun-2025 15:31:31 UTC] PHP Warning:  Undefined array key "Sample_Name" in C:\laragon\www\QA-LAB-APP\pages\generar_reporte_pdf.php on line 83
[10-Jun-2025 15:31:31 UTC] PHP Deprecated:  trim(): Passing null to parameter #1 ($string) of type string is deprecated in C:\laragon\www\QA-LAB-APP\pages\generar_reporte_pdf.php on line 53
[10-Jun-2025 15:31:31 UTC] PHP Warning:  Undefined array key "Sample_Name" in C:\laragon\www\QA-LAB-APP\pages\generar_reporte_pdf.php on line 92
[10-Jun-2025 15:31:32 UTC] PHP Fatal error:  Uncaught Exception: FPDF error: Some data has already been output, can't send PDF file in C:\laragon\www\QA-LAB-APP\libs\fpdf\fpdf.php:267
Stack trace:
#0 C:\laragon\www\QA-LAB-APP\libs\fpdf\fpdf.php(1058): FPDF->Error('Some data has a...')
#1 C:\laragon\www\QA-LAB-APP\libs\fpdf\fpdf.php(1004): FPDF->_checkoutput()
#2 C:\laragon\www\QA-LAB-APP\pages\generar_reporte_pdf.php(219): FPDF->Output('I', 'Daily_Laborator...')
#3 {main}
  thrown in C:\laragon\www\QA-LAB-APP\libs\fpdf\fpdf.php on line 267
[10-Jun-2025 15:36:26 UTC] PHP Warning:  Undefined array key "Sample_Name" in C:\laragon\www\QA-LAB-APP\pages\generar_reporte_pdf.php on line 92
[10-Jun-2025 15:36:26 UTC] PHP Warning:  Undefined array key "Sample_Name" in C:\laragon\www\QA-LAB-APP\pages\generar_reporte_pdf.php on line 92
[10-Jun-2025 15:38:12 UTC] PHP Warning:  Undefined array key "Sample_Name" in C:\laragon\www\QA-LAB-APP\pages\generar_reporte_pdf.php on line 92
[10-Jun-2025 15:38:12 UTC] PHP Warning:  Undefined array key "Sample_Name" in C:\laragon\www\QA-LAB-APP\pages\generar_reporte_pdf.php on line 92
[10-Jun-2025 15:46:00 UTC] PHP Warning:  Undefined variable $requisitioned in C:\laragon\www\QA-LAB-APP\pages\generar_reporte_pdf.php on line 135
[10-Jun-2025 15:47:13 UTC] PHP Warning:  Undefined variable $requisitioned in C:\laragon\www\QA-LAB-APP\pages\generar_reporte_pdf.php on line 135
[10-Jun-2025 11:55:00 America/Santo_Domingo] PHP Warning:  Undefined array key "Sample_Name" in C:\laragon\www\QA-LAB-APP\pages\generar_reporte_pdf.php on line 96
[10-Jun-2025 11:55:00 America/Santo_Domingo] PHP Warning:  Undefined array key "Sample_Name" in C:\laragon\www\QA-LAB-APP\pages\generar_reporte_pdf.php on line 96
[10-Jun-2025 18:27:37 UTC] PHP Warning:  Undefined array key "Sample_Name" in C:\laragon\www\QA-LAB-APP\pages\generar_reporte_pdf.php on line 83
[10-Jun-2025 18:27:37 UTC] PHP Deprecated:  trim(): Passing null to parameter #1 ($string) of type string is deprecated in C:\laragon\www\QA-LAB-APP\pages\generar_reporte_pdf.php on line 53
[10-Jun-2025 18:27:37 UTC] PHP Warning:  Undefined array key "Sample_Name" in C:\laragon\www\QA-LAB-APP\pages\generar_reporte_pdf.php on line 92
[10-Jun-2025 18:27:37 UTC] PHP Warning:  Undefined array key "Sample_Name" in C:\laragon\www\QA-LAB-APP\pages\generar_reporte_pdf.php on line 83
[10-Jun-2025 18:27:37 UTC] PHP Deprecated:  trim(): Passing null to parameter #1 ($string) of type string is deprecated in C:\laragon\www\QA-LAB-APP\pages\generar_reporte_pdf.php on line 53
[10-Jun-2025 18:27:37 UTC] PHP Warning:  Undefined array key "Sample_Name" in C:\laragon\www\QA-LAB-APP\pages\generar_reporte_pdf.php on line 92
[10-Jun-2025 18:27:37 UTC] PHP Fatal error:  Uncaught Exception: FPDF error: Some data has already been output, can't send PDF file in C:\laragon\www\QA-LAB-APP\libs\fpdf\fpdf.php:267
Stack trace:
#0 C:\laragon\www\QA-LAB-APP\libs\fpdf\fpdf.php(1058): FPDF->Error('Some data has a...')
#1 C:\laragon\www\QA-LAB-APP\libs\fpdf\fpdf.php(1004): FPDF->_checkoutput()
#2 C:\laragon\www\QA-LAB-APP\pages\generar_reporte_pdf.php(219): FPDF->Output('I', 'Daily_Laborator...')
#3 {main}
  thrown in C:\laragon\www\QA-LAB-APP\libs\fpdf\fpdf.php on line 267
[10-Jun-2025 18:37:39 UTC] PHP Warning:  Undefined array key "Sample_ID" in C:\laragon\www\QA-LAB-APP\pages\generar_reporte_pdf.php on line 209
[10-Jun-2025 18:37:39 UTC] PHP Fatal error:  Uncaught Exception: FPDF error: Some data has already been output, can't send PDF file in C:\laragon\www\QA-LAB-APP\libs\fpdf\fpdf.php:267
Stack trace:
#0 C:\laragon\www\QA-LAB-APP\libs\fpdf\fpdf.php(1058): FPDF->Error('Some data has a...')
#1 C:\laragon\www\QA-LAB-APP\libs\fpdf\fpdf.php(1004): FPDF->_checkoutput()
#2 C:\laragon\www\QA-LAB-APP\pages\generar_reporte_pdf.php(216): FPDF->Output('I', 'Daily_Laborator...')
#3 {main}
  thrown in C:\laragon\www\QA-LAB-APP\libs\fpdf\fpdf.php on line 267
[10-Jun-2025 18:38:24 UTC] PHP Warning:  Undefined array key "Sample_Name" in C:\laragon\www\QA-LAB-APP\pages\generar_reporte_pdf.php on line 81
[10-Jun-2025 18:38:24 UTC] PHP Deprecated:  trim(): Passing null to parameter #1 ($string) of type string is deprecated in C:\laragon\www\QA-LAB-APP\pages\generar_reporte_pdf.php on line 53
[10-Jun-2025 18:38:24 UTC] PHP Warning:  Undefined array key "Sample_Name" in C:\laragon\www\QA-LAB-APP\pages\generar_reporte_pdf.php on line 89
[10-Jun-2025 18:38:24 UTC] PHP Warning:  Undefined array key "Sample_Name" in C:\laragon\www\QA-LAB-APP\pages\generar_reporte_pdf.php on line 81
[10-Jun-2025 18:38:24 UTC] PHP Deprecated:  trim(): Passing null to parameter #1 ($string) of type string is deprecated in C:\laragon\www\QA-LAB-APP\pages\generar_reporte_pdf.php on line 53
[10-Jun-2025 18:38:24 UTC] PHP Warning:  Undefined array key "Sample_Name" in C:\laragon\www\QA-LAB-APP\pages\generar_reporte_pdf.php on line 89
[10-Jun-2025 18:38:24 UTC] PHP Fatal error:  Uncaught Exception: FPDF error: Some data has already been output, can't send PDF file in C:\laragon\www\QA-LAB-APP\libs\fpdf\fpdf.php:267
Stack trace:
#0 C:\laragon\www\QA-LAB-APP\libs\fpdf\fpdf.php(1058): FPDF->Error('Some data has a...')
#1 C:\laragon\www\QA-LAB-APP\libs\fpdf\fpdf.php(1004): FPDF->_checkoutput()
#2 C:\laragon\www\QA-LAB-APP\pages\generar_reporte_pdf.php(216): FPDF->Output('I', 'Daily_Laborator...')
#3 {main}
  thrown in C:\laragon\www\QA-LAB-APP\libs\fpdf\fpdf.php on line 267
[10-Jun-2025 18:38:25 UTC] PHP Warning:  Undefined array key "Sample_Name" in C:\laragon\www\QA-LAB-APP\pages\generar_reporte_pdf.php on line 81
[10-Jun-2025 18:38:25 UTC] PHP Deprecated:  trim(): Passing null to parameter #1 ($string) of type string is deprecated in C:\laragon\www\QA-LAB-APP\pages\generar_reporte_pdf.php on line 53
[10-Jun-2025 18:38:25 UTC] PHP Warning:  Undefined array key "Sample_Name" in C:\laragon\www\QA-LAB-APP\pages\generar_reporte_pdf.php on line 89
[10-Jun-2025 18:38:25 UTC] PHP Warning:  Undefined array key "Sample_Name" in C:\laragon\www\QA-LAB-APP\pages\generar_reporte_pdf.php on line 81
[10-Jun-2025 18:38:25 UTC] PHP Deprecated:  trim(): Passing null to parameter #1 ($string) of type string is deprecated in C:\laragon\www\QA-LAB-APP\pages\generar_reporte_pdf.php on line 53
[10-Jun-2025 18:38:25 UTC] PHP Warning:  Undefined array key "Sample_Name" in C:\laragon\www\QA-LAB-APP\pages\generar_reporte_pdf.php on line 89
[10-Jun-2025 18:38:25 UTC] PHP Fatal error:  Uncaught Exception: FPDF error: Some data has already been output, can't send PDF file in C:\laragon\www\QA-LAB-APP\libs\fpdf\fpdf.php:267
Stack trace:
#0 C:\laragon\www\QA-LAB-APP\libs\fpdf\fpdf.php(1058): FPDF->Error('Some data has a...')
#1 C:\laragon\www\QA-LAB-APP\libs\fpdf\fpdf.php(1004): FPDF->_checkoutput()
#2 C:\laragon\www\QA-LAB-APP\pages\generar_reporte_pdf.php(216): FPDF->Output('I', 'Daily_Laborator...')
#3 {main}
  thrown in C:\laragon\www\QA-LAB-APP\libs\fpdf\fpdf.php on line 267
[10-Jun-2025 18:56:10 UTC] PHP Warning:  Undefined variable $pending_tests in C:\laragon\www\QA-LAB-APP\pages\generar_reporte_pdf.php on line 172
[10-Jun-2025 18:56:10 UTC] PHP Warning:  foreach() argument must be of type array|object, null given in C:\laragon\www\QA-LAB-APP\pages\generar_reporte_pdf.php on line 172
[10-Jun-2025 18:56:10 UTC] PHP Fatal error:  Uncaught Exception: FPDF error: Some data has already been output, can't send PDF file in C:\laragon\www\QA-LAB-APP\libs\fpdf\fpdf.php:267
Stack trace:
#0 C:\laragon\www\QA-LAB-APP\libs\fpdf\fpdf.php(1058): FPDF->Error('Some data has a...')
#1 C:\laragon\www\QA-LAB-APP\libs\fpdf\fpdf.php(1004): FPDF->_checkoutput()
#2 C:\laragon\www\QA-LAB-APP\pages\generar_reporte_pdf.php(181): FPDF->Output('I', 'Reporte_Diario_...')
#3 {main}
  thrown in C:\laragon\www\QA-LAB-APP\libs\fpdf\fpdf.php on line 267
[10-Jun-2025 18:59:42 UTC] PHP Fatal error:  Uncaught TypeError: Cannot access offset of type string on string in C:\laragon\www\QA-LAB-APP\pages\generar_reporte_pdf.php:174
Stack trace:
#0 {main}
  thrown in C:\laragon\www\QA-LAB-APP\pages\generar_reporte_pdf.php on line 174
[10-Jun-2025 19:23:02 UTC] PHP Fatal error:  Uncaught TypeError: Cannot access offset of type string on string in C:\laragon\www\QA-LAB-APP\pages\generar_reporte_pdf.php:174
Stack trace:
#0 {main}
  thrown in C:\laragon\www\QA-LAB-APP\pages\generar_reporte_pdf.php on line 174
[10-Jun-2025 19:23:03 UTC] PHP Fatal error:  Uncaught TypeError: Cannot access offset of type string on string in C:\laragon\www\QA-LAB-APP\pages\generar_reporte_pdf.php:174
Stack trace:
#0 {main}
  thrown in C:\laragon\www\QA-LAB-APP\pages\generar_reporte_pdf.php on line 174
[10-Jun-2025 19:52:13 UTC] PHP Warning:  Undefined array key "Sample_Name" in C:\laragon\www\QA-LAB-APP\pages\generar_reporte_pdf.php on line 180
[10-Jun-2025 19:52:13 UTC] PHP Warning:  Undefined array key "Sample_Name" in C:\laragon\www\QA-LAB-APP\pages\generar_reporte_pdf.php on line 180
[10-Jun-2025 19:52:13 UTC] PHP Fatal error:  Uncaught Exception: FPDF error: Some data has already been output, can't send PDF file in C:\laragon\www\QA-LAB-APP\libs\fpdf\fpdf.php:267
Stack trace:
#0 C:\laragon\www\QA-LAB-APP\libs\fpdf\fpdf.php(1058): FPDF->Error('Some data has a...')
#1 C:\laragon\www\QA-LAB-APP\libs\fpdf\fpdf.php(1004): FPDF->_checkoutput()
#2 C:\laragon\www\QA-LAB-APP\pages\generar_reporte_pdf.php(187): FPDF->Output('I', 'Reporte_Diario_...')
#3 {main}
  thrown in C:\laragon\www\QA-LAB-APP\libs\fpdf\fpdf.php on line 267
[10-Jun-2025 20:03:54 UTC] PHP Fatal error:  Uncaught mysqli_sql_exception: Unknown column 'Sample_ID' in 'field list' in C:\laragon\www\QA-LAB-APP\config\database.php:49
Stack trace:
#0 C:\laragon\www\QA-LAB-APP\config\database.php(49): mysqli->query('SELECT Sample_I...')
#1 C:\laragon\www\QA-LAB-APP\config\sql.php(21): MySqli_DB->query('SELECT Sample_I...')
#2 C:\laragon\www\QA-LAB-APP\pages\generar_reporte_pdf.php(65): find_by_sql('SELECT Sample_I...')
#3 {main}
  thrown in C:\laragon\www\QA-LAB-APP\config\database.php on line 49
[10-Jun-2025 20:04:08 UTC] PHP Fatal error:  Uncaught mysqli_sql_exception: Unknown column 'Sample_ID' in 'field list' in C:\laragon\www\QA-LAB-APP\config\database.php:49
Stack trace:
#0 C:\laragon\www\QA-LAB-APP\config\database.php(49): mysqli->query('SELECT Sample_I...')
#1 C:\laragon\www\QA-LAB-APP\config\sql.php(21): MySqli_DB->query('SELECT Sample_I...')
#2 C:\laragon\www\QA-LAB-APP\pages\generar_reporte_pdf.php(65): find_by_sql('SELECT Sample_I...')
#3 {main}
  thrown in C:\laragon\www\QA-LAB-APP\config\database.php on line 49
[10-Jun-2025 20:05:09 UTC] PHP Fatal error:  Uncaught mysqli_sql_exception: Unknown column 'Sample_ID' in 'field list' in C:\laragon\www\QA-LAB-APP\config\database.php:49
Stack trace:
#0 C:\laragon\www\QA-LAB-APP\config\database.php(49): mysqli->query('SELECT Sample_I...')
#1 C:\laragon\www\QA-LAB-APP\config\sql.php(21): MySqli_DB->query('SELECT Sample_I...')
#2 C:\laragon\www\QA-LAB-APP\pages\generar_reporte_pdf.php(65): find_by_sql('SELECT Sample_I...')
#3 {main}
  thrown in C:\laragon\www\QA-LAB-APP\config\database.php on line 49
[10-Jun-2025 20:05:11 UTC] PHP Fatal error:  Uncaught mysqli_sql_exception: Unknown column 'Sample_ID' in 'field list' in C:\laragon\www\QA-LAB-APP\config\database.php:49
Stack trace:
#0 C:\laragon\www\QA-LAB-APP\config\database.php(49): mysqli->query('SELECT Sample_I...')
#1 C:\laragon\www\QA-LAB-APP\config\sql.php(21): MySqli_DB->query('SELECT Sample_I...')
#2 C:\laragon\www\QA-LAB-APP\pages\generar_reporte_pdf.php(65): find_by_sql('SELECT Sample_I...')
#3 {main}
  thrown in C:\laragon\www\QA-LAB-APP\config\database.php on line 49
[10-Jun-2025 20:05:39 UTC] PHP Fatal error:  Uncaught mysqli_sql_exception: Unknown column 'Sample_ID' in 'field list' in C:\laragon\www\QA-LAB-APP\config\database.php:49
Stack trace:
#0 C:\laragon\www\QA-LAB-APP\config\database.php(49): mysqli->query('SELECT Sample_I...')
#1 C:\laragon\www\QA-LAB-APP\config\sql.php(21): MySqli_DB->query('SELECT Sample_I...')
#2 C:\laragon\www\QA-LAB-APP\pages\generar_reporte_pdf.php(65): find_by_sql('SELECT Sample_I...')
#3 {main}
  thrown in C:\laragon\www\QA-LAB-APP\config\database.php on line 49
[10-Jun-2025 20:05:40 UTC] PHP Fatal error:  Uncaught mysqli_sql_exception: Unknown column 'Sample_ID' in 'field list' in C:\laragon\www\QA-LAB-APP\config\database.php:49
Stack trace:
#0 C:\laragon\www\QA-LAB-APP\config\database.php(49): mysqli->query('SELECT Sample_I...')
#1 C:\laragon\www\QA-LAB-APP\config\sql.php(21): MySqli_DB->query('SELECT Sample_I...')
#2 C:\laragon\www\QA-LAB-APP\pages\generar_reporte_pdf.php(65): find_by_sql('SELECT Sample_I...')
#3 {main}
  thrown in C:\laragon\www\QA-LAB-APP\config\database.php on line 49
[10-Jun-2025 20:09:11 UTC] PHP Fatal error:  Uncaught mysqli_sql_exception: Unknown column 'Sample_ID' in 'field list' in C:\laragon\www\QA-LAB-APP\config\database.php:49
Stack trace:
#0 C:\laragon\www\QA-LAB-APP\config\database.php(49): mysqli->query('SELECT Sample_I...')
#1 C:\laragon\www\QA-LAB-APP\config\sql.php(21): MySqli_DB->query('SELECT Sample_I...')
#2 C:\laragon\www\QA-LAB-APP\pages\generar_reporte_pdf.php(65): find_by_sql('SELECT Sample_I...')
#3 {main}
  thrown in C:\laragon\www\QA-LAB-APP\config\database.php on line 49
[10-Jun-2025 20:09:13 UTC] PHP Fatal error:  Uncaught mysqli_sql_exception: Unknown column 'Sample_ID' in 'field list' in C:\laragon\www\QA-LAB-APP\config\database.php:49
Stack trace:
#0 C:\laragon\www\QA-LAB-APP\config\database.php(49): mysqli->query('SELECT Sample_I...')
#1 C:\laragon\www\QA-LAB-APP\config\sql.php(21): MySqli_DB->query('SELECT Sample_I...')
#2 C:\laragon\www\QA-LAB-APP\pages\generar_reporte_pdf.php(65): find_by_sql('SELECT Sample_I...')
#3 {main}
  thrown in C:\laragon\www\QA-LAB-APP\config\database.php on line 49
[11-Jun-2025 15:33:36 UTC] PHP Fatal error:  Uncaught Error: Class "PDF" not found in C:\laragon\www\QA-LAB-APP\pages\generar_reporte_pdf.php:104
Stack trace:
#0 {main}
  thrown in C:\laragon\www\QA-LAB-APP\pages\generar_reporte_pdf.php on line 104
[11-Jun-2025 15:34:23 UTC] PHP Fatal error:  Uncaught Error: Class "PDF" not found in C:\laragon\www\QA-LAB-APP\pages\generar_reporte_pdf.php:104
Stack trace:
#0 {main}
  thrown in C:\laragon\www\QA-LAB-APP\pages\generar_reporte_pdf.php on line 104
[11-Jun-2025 15:35:05 UTC] PHP Fatal error:  Uncaught Error: Class "PDF" not found in C:\laragon\www\QA-LAB-APP\pages\generar_reporte_pdf.php:104
Stack trace:
#0 {main}
  thrown in C:\laragon\www\QA-LAB-APP\pages\generar_reporte_pdf.php on line 104
[11-Jun-2025 17:25:19 UTC] PHP Warning:  include(C:\laragon\www\QA-LAB-APP\libs\fpdf/font/helvetica1.php): Failed to open stream: No such file or directory in C:\laragon\www\QA-LAB-APP\libs\fpdf\fpdf.php on line 1137
[11-Jun-2025 17:25:19 UTC] PHP Warning:  include(): Failed opening 'C:\laragon\www\QA-LAB-APP\libs\fpdf/font/helvetica1.php' for inclusion (include_path='.;C:/laragon/etc/php/pear') in C:\laragon\www\QA-LAB-APP\libs\fpdf\fpdf.php on line 1137
[11-Jun-2025 17:25:19 UTC] PHP Fatal error:  Uncaught Exception: FPDF error: Could not include font definition file: C:\laragon\www\QA-LAB-APP\libs\fpdf/font/helvetica1.php in C:\laragon\www\QA-LAB-APP\libs\fpdf\fpdf.php:267
Stack trace:
#0 C:\laragon\www\QA-LAB-APP\libs\fpdf\fpdf.php(1139): FPDF->Error('Could not inclu...')
#1 C:\laragon\www\QA-LAB-APP\libs\fpdf\fpdf.php(461): FPDF->_loadfont('C:\\laragon\\www\\...')
#2 C:\laragon\www\QA-LAB-APP\libs\fpdf\fpdf.php(510): FPDF->AddFont('helvetica', '1')
#3 C:\laragon\www\QA-LAB-APP\pages\generar_reporte_pdf.php(177): FPDF->SetFont('helvetica', '1', 9)
#4 {main}
  thrown in C:\laragon\www\QA-LAB-APP\libs\fpdf\fpdf.php on line 267
